<?xml version="1.0" encoding="UTF-8"?>
<!-- Generated by org.testng.reporters.JUnitReportReporter -->
<testsuite hostname="DESKTOP-Q9UA2S7" failures="0" tests="1" name="Tests.HomePageTest" time="4.420" errors="0" timestamp="2023-11-20T03:00:11 ALMT" skipped="0">
  <testcase classname="Tests.HomePageTest" name="verifyHomePage" time="4.420"/>
</testsuite> <!-- Tests.HomePageTest -->
