<?xml version="1.0" encoding="UTF-8"?>
<!-- Generated by org.testng.reporters.JUnitReportReporter -->
<testsuite hostname="DESKTOP-Q9UA2S7" failures="0" tests="1" name="Tests.PricingTest" time="19.433" errors="0" timestamp="2023-11-20T03:00:11 ALMT" skipped="0">
  <testcase classname="Tests.PricingTest" name="verifyPricing" time="19.433"/>
</testsuite> <!-- Tests.PricingTest -->
