<?xml version="1.0" encoding="UTF-8"?>
<!-- Generated by org.testng.reporters.JUnitReportReporter -->
<testsuite hostname="DESKTOP-Q9UA2S7" failures="0" tests="1" name="Tests.LogInTest" time="14.793" errors="0" timestamp="2023-11-20T03:00:11 ALMT" skipped="0">
  <testcase classname="Tests.LogInTest" name="verifyLogIn" time="14.793"/>
</testsuite> <!-- Tests.LogInTest -->
