<?xml version="1.0" encoding="UTF-8"?>
<!-- Generated by org.testng.reporters.JUnitReportReporter -->
<testsuite hostname="DESKTOP-Q9UA2S7" failures="0" tests="1" name="Tests.HomePageTest" time="4.945" errors="0" timestamp="2023-11-21T00:45:07 ALMT" skipped="0">
  <testcase classname="Tests.HomePageTest" name="verifyHomePage" time="4.945"/>
</testsuite> <!-- Tests.HomePageTest -->
